<?xml version="1.0" encoding="UTF-8"?>
<!-- Generated by org.testng.reporters.JUnitXMLReporter -->
<testsuite ignored="0" hostname="DESKTOP-1K9GTMP" failures="1" tests="1" name="Default test" time="31.542" errors="0" timestamp="2026-03-31T12:49:02 IST">
  <testcase classname="test.First" name="test" time="16.076">
    <failure type="org.opentest4j.AssertionFailedError" message="Locator expected to contain text
Expected: Your Account Has Not Been Created!
Received:  Your Account Has Been Created!

Call log:
  - Assert &amp;quot;containsText&amp;quot; with timeout 5000ms
  - waiting for getByText(&amp;quot;Your Account Has Been Created!&amp;quot;, new Page.GetByTextOptions().setExact(true))
    4 × locator resolved to &amp;lt;h1 class=&amp;quot;page-title my-3&amp;quot;&amp;gt;…&amp;lt;/h1&amp;gt;
      - unexpected value &amp;quot; Your Account Has Been Created!&amp;quot;">
      <![CDATA[org.opentest4j.AssertionFailedError: Locator expected to contain text
Expected: Your Account Has Not Been Created!
Received:  Your Account Has Been Created!

Call log:
  - Assert "containsText" with timeout 5000ms
  - waiting for getByText("Your Account Has Been Created!", new Page.GetByTextOptions().setExact(true))
    4 × locator resolved to <h1 class="page-title my-3">…</h1>
      - unexpected value " Your Account Has Been Created!"
at com.microsoft.playwright.impl.AssertionsBase.expectImpl(AssertionsBase.java:74)
at com.microsoft.playwright.impl.AssertionsBase.expectImpl(AssertionsBase.java:47)
at com.microsoft.playwright.impl.AssertionsBase.expectImpl(AssertionsBase.java:39)
at com.microsoft.playwright.impl.LocatorAssertionsImpl.containsText(LocatorAssertionsImpl.java:75)
at com.microsoft.playwright.assertions.LocatorAssertions.containsText(LocatorAssertions.java:1008)
at page.LoginPage.registerAccount(LoginPage.java:74)
at test.First.test(First.java:22)
at java.base/jdk.internal.reflect.DirectMethodHandleAccessor.invoke(DirectMethodHandleAccessor.java:103)
at java.base/java.lang.reflect.Method.invoke(Method.java:580)
at org.testng.internal.invokers.MethodInvocationHelper.invokeMethod(MethodInvocationHelper.java:141)
at org.testng.internal.invokers.TestInvoker.invokeMethod(TestInvoker.java:697)
at org.testng.internal.invokers.TestInvoker.invokeTestMethod(TestInvoker.java:230)
at org.testng.internal.invokers.MethodRunner.runInSequence(MethodRunner.java:63)
at org.testng.internal.invokers.TestInvoker$MethodInvocationAgent.invoke(TestInvoker.java:1005)
at org.testng.internal.invokers.TestInvoker.invokeTestMethods(TestInvoker.java:203)
at org.testng.internal.invokers.TestMethodWorker.invokeTestMethods(TestMethodWorker.java:154)
at org.testng.internal.invokers.TestMethodWorker.run(TestMethodWorker.java:134)
at java.base/java.util.ArrayList.forEach(ArrayList.java:1596)
at org.testng.TestRunner.privateRun(TestRunner.java:744)
at org.testng.TestRunner.run(TestRunner.java:616)
at org.testng.SuiteRunner.runTest(SuiteRunner.java:421)
at org.testng.SuiteRunner.runSequentially(SuiteRunner.java:413)
at org.testng.SuiteRunner.privateRun(SuiteRunner.java:373)
at org.testng.SuiteRunner.run(SuiteRunner.java:312)
at org.testng.SuiteRunnerWorker.runSuite(SuiteRunnerWorker.java:52)
at org.testng.SuiteRunnerWorker.run(SuiteRunnerWorker.java:95)
at org.testng.TestNG.runSuitesSequentially(TestNG.java:1274)
at org.testng.TestNG.runSuitesLocally(TestNG.java:1208)
at org.testng.TestNG.runSuites(TestNG.java:1112)
at org.testng.TestNG.run(TestNG.java:1079)
at org.testng.remote.AbstractRemoteTestNG.run(AbstractRemoteTestNG.java:115)
at org.testng.remote.RemoteTestNG.initAndRun(RemoteTestNG.java:293)
at org.testng.remote.RemoteTestNG.main(RemoteTestNG.java:91)
]]>
    </failure>
  </testcase> <!-- test -->
</testsuite> <!-- Default test -->
