<?xml version="1.0" encoding="UTF-8"?>
<!-- Generated by org.testng.reporters.JUnitXMLReporter -->
<testsuite ignored="0" hostname="DESKTOP-1K9GTMP" failures="1" tests="1" name="Test" time="61.252" errors="0" timestamp="2026-04-01T12:47:56 IST">
  <testcase classname="test.First" name="test" time="33.178">
    <failure type="org.opentest4j.AssertionFailedError" message="Locator expected to contain text
Error: element(s) not found
Expected: Your Account Has Been Created!
Received: null

Call log:
  - Assert &amp;quot;containsText&amp;quot; with timeout 5000ms
  - waiting for getByText(&amp;quot;Your Account Has Been Created!&amp;quot;, new Page.GetByTextOptions().setExact(true))">
      <![CDATA[org.opentest4j.AssertionFailedError: Locator expected to contain text
Error: element(s) not found
Expected: Your Account Has Been Created!
Received: null

Call log:
  - Assert "containsText" with timeout 5000ms
  - waiting for getByText("Your Account Has Been Created!", new Page.GetByTextOptions().setExact(true))
at com.microsoft.playwright.impl.AssertionsBase.expectImpl(AssertionsBase.java:74)
at com.microsoft.playwright.impl.AssertionsBase.expectImpl(AssertionsBase.java:47)
at com.microsoft.playwright.impl.AssertionsBase.expectImpl(AssertionsBase.java:39)
at com.microsoft.playwright.impl.LocatorAssertionsImpl.containsText(LocatorAssertionsImpl.java:75)
at com.microsoft.playwright.assertions.LocatorAssertions.containsText(LocatorAssertions.java:1008)
at page.LoginPage.registerAccount(LoginPage.java:74)
at test.First.test(First.java:22)
at java.base/java.util.ArrayList.forEach(ArrayList.java:1596)
... Removed 25 stack frames]]>
    </failure>
  </testcase> <!-- test -->
</testsuite> <!-- Test -->
