<?xml version="1.0" encoding="UTF-8"?>
<testng-results ignored="0" total="1" passed="0" failed="1" skipped="0">
  <reporter-output>
  </reporter-output>
  <suite started-at="2026-03-31T12:48:31 IST" name="Default suite" finished-at="2026-03-31T12:49:02 IST" duration-ms="31542">
    <groups>
    </groups>
    <test started-at="2026-03-31T12:48:31 IST" name="Default test" finished-at="2026-03-31T12:49:02 IST" duration-ms="31542">
      <class name="test.First">
        <test-method is-config="true" signature="setup(java.lang.reflect.Method)[pri:0, instance:test.First@59662a0b]" started-at="2026-03-31T12:48:31 IST" name="setup" finished-at="2026-03-31T12:48:45 IST" duration-ms="13985" status="PASS">
          <params>
            <param index="0">
              <value>
                <![CDATA[public void test.First.test()]]>
              </value>
            </param>
          </params>
          <reporter-output>
          </reporter-output>
        </test-method> <!-- setup -->
        <test-method signature="test()[pri:0, instance:test.First@59662a0b]" started-at="2026-03-31T12:48:45 IST" name="test" description="Register a new account using the LoginPage POM" finished-at="2026-03-31T12:49:01 IST" duration-ms="16076" status="FAIL">
          <exception class="org.opentest4j.AssertionFailedError">
            <message>
              <![CDATA[Locator expected to contain text
Expected: Your Account Has Not Been Created!
Received:  Your Account Has Been Created!

Call log:
  - Assert "containsText" with timeout 5000ms
  - waiting for getByText("Your Account Has Been Created!", new Page.GetByTextOptions().setExact(true))
    4 × locator resolved to <h1 class="page-title my-3">…</h1>
      - unexpected value " Your Account Has Been Created!"]]>
            </message>
            <full-stacktrace>
              <![CDATA[org.opentest4j.AssertionFailedError: Locator expected to contain text
Expected: Your Account Has Not Been Created!
Received:  Your Account Has Been Created!

Call log:
  - Assert "containsText" with timeout 5000ms
  - waiting for getByText("Your Account Has Been Created!", new Page.GetByTextOptions().setExact(true))
    4 × locator resolved to <h1 class="page-title my-3">…</h1>
      - unexpected value " Your Account Has Been Created!"
at com.microsoft.playwright.impl.AssertionsBase.expectImpl(AssertionsBase.java:74)
at com.microsoft.playwright.impl.AssertionsBase.expectImpl(AssertionsBase.java:47)
at com.microsoft.playwright.impl.AssertionsBase.expectImpl(AssertionsBase.java:39)
at com.microsoft.playwright.impl.LocatorAssertionsImpl.containsText(LocatorAssertionsImpl.java:75)
at com.microsoft.playwright.assertions.LocatorAssertions.containsText(LocatorAssertions.java:1008)
at page.LoginPage.registerAccount(LoginPage.java:74)
at test.First.test(First.java:22)
at java.base/jdk.internal.reflect.DirectMethodHandleAccessor.invoke(DirectMethodHandleAccessor.java:103)
at java.base/java.lang.reflect.Method.invoke(Method.java:580)
at org.testng.internal.invokers.MethodInvocationHelper.invokeMethod(MethodInvocationHelper.java:141)
at org.testng.internal.invokers.TestInvoker.invokeMethod(TestInvoker.java:697)
at org.testng.internal.invokers.TestInvoker.invokeTestMethod(TestInvoker.java:230)
at org.testng.internal.invokers.MethodRunner.runInSequence(MethodRunner.java:63)
at org.testng.internal.invokers.TestInvoker$MethodInvocationAgent.invoke(TestInvoker.java:1005)
at org.testng.internal.invokers.TestInvoker.invokeTestMethods(TestInvoker.java:203)
at org.testng.internal.invokers.TestMethodWorker.invokeTestMethods(TestMethodWorker.java:154)
at org.testng.internal.invokers.TestMethodWorker.run(TestMethodWorker.java:134)
at java.base/java.util.ArrayList.forEach(ArrayList.java:1596)
at org.testng.TestRunner.privateRun(TestRunner.java:744)
at org.testng.TestRunner.run(TestRunner.java:616)
at org.testng.SuiteRunner.runTest(SuiteRunner.java:421)
at org.testng.SuiteRunner.runSequentially(SuiteRunner.java:413)
at org.testng.SuiteRunner.privateRun(SuiteRunner.java:373)
at org.testng.SuiteRunner.run(SuiteRunner.java:312)
at org.testng.SuiteRunnerWorker.runSuite(SuiteRunnerWorker.java:52)
at org.testng.SuiteRunnerWorker.run(SuiteRunnerWorker.java:95)
at org.testng.TestNG.runSuitesSequentially(TestNG.java:1274)
at org.testng.TestNG.runSuitesLocally(TestNG.java:1208)
at org.testng.TestNG.runSuites(TestNG.java:1112)
at org.testng.TestNG.run(TestNG.java:1079)
at org.testng.remote.AbstractRemoteTestNG.run(AbstractRemoteTestNG.java:115)
at org.testng.remote.RemoteTestNG.initAndRun(RemoteTestNG.java:293)
at org.testng.remote.RemoteTestNG.main(RemoteTestNG.java:91)
]]>
            </full-stacktrace>
          </exception> <!-- org.opentest4j.AssertionFailedError -->
          <reporter-output>
          </reporter-output>
        </test-method> <!-- test -->
        <test-method is-config="true" signature="tearDownReport(org.testng.ITestResult)[pri:0, instance:test.First@59662a0b]" started-at="2026-03-31T12:49:01 IST" name="tearDownReport" finished-at="2026-03-31T12:49:02 IST" duration-ms="1411" status="PASS">
          <params>
            <param index="0">
              <value>
                <![CDATA[[TestResult name=test status=FAILURE method=First.test()[pri:0, instance:test.First@59662a0b] output={null}]]]>
              </value>
            </param>
          </params>
          <reporter-output>
          </reporter-output>
        </test-method> <!-- tearDownReport -->
      </class> <!-- test.First -->
    </test> <!-- Default test -->
  </suite> <!-- Default suite -->
</testng-results>
