<?xml version="1.0" encoding="UTF-8"?>
<testng-results ignored="0" total="1" passed="1" failed="0" skipped="0">
  <reporter-output>
  </reporter-output>
  <suite started-at="2026-03-31T13:55:05 IST" name="Test Suite" finished-at="2026-03-31T13:55:42 IST" duration-ms="36545">
    <groups>
    </groups>
    <test started-at="2026-03-31T13:55:05 IST" name="Test" finished-at="2026-03-31T13:55:42 IST" duration-ms="36545">
      <class name="test.First">
        <test-method is-config="true" signature="setup(java.lang.reflect.Method)[pri:0, instance:test.First@36bc55de]" started-at="2026-03-31T13:55:05 IST" name="setup" finished-at="2026-03-31T13:55:23 IST" duration-ms="17297" status="PASS">
          <params>
            <param index="0">
              <value>
                <![CDATA[public void test.First.test()]]>
              </value>
            </param>
          </params>
          <reporter-output>
          </reporter-output>
        </test-method> <!-- setup -->
        <test-method signature="test()[pri:0, instance:test.First@36bc55de]" started-at="2026-03-31T13:55:23 IST" name="test" description="Register a new account using the LoginPage POM" finished-at="2026-03-31T13:55:41 IST" duration-ms="18611" status="PASS">
          <reporter-output>
          </reporter-output>
        </test-method> <!-- test -->
        <test-method is-config="true" signature="tearDownReport(org.testng.ITestResult)[pri:0, instance:test.First@36bc55de]" started-at="2026-03-31T13:55:41 IST" name="tearDownReport" finished-at="2026-03-31T13:55:42 IST" duration-ms="573" status="PASS">
          <params>
            <param index="0">
              <value>
                <![CDATA[[TestResult name=test status=SUCCESS method=First.test()[pri:0, instance:test.First@36bc55de] output={null}]]]>
              </value>
            </param>
          </params>
          <reporter-output>
          </reporter-output>
        </test-method> <!-- tearDownReport -->
      </class> <!-- test.First -->
    </test> <!-- Test -->
  </suite> <!-- Test Suite -->
</testng-results>
